-------------------------------------------------------------------------------
Test set: orange_hrm.CucumberTestSuite
-------------------------------------------------------------------------------
Tests run: 1, Failures: 0, Errors: 1, Skipped: 0, Time elapsed: 23.118 s <<< FAILURE! - in orange_hrm.CucumberTestSuite
Orange HRM - CRUD Employee Data.User delete Orange HRM employee successfully  Time elapsed: 21.356 s  <<< ERROR!
java.lang.Exception: There is no button type: OK

